#
# A fatal error has been detected by the Java Runtime Environment:
#
#  EXCEPTION_ACCESS_VIOLATION (0xc0000005) at pc=0x000000006c7e1358, pid=3972, tid=3788
#
# JRE version: Java(TM) SE Runtime Environment (8.0_05-b13) (build 1.8.0_05-b13)
# Java VM: Java HotSpot(TM) 64-Bit Server VM (25.5-b02 mixed mode windows-amd64 compressed oops)
# Problematic frame:
# C  [awt.dll+0x91358]
#
# Failed to write core dump. Minidumps are not enabled by default on client versions of Windows
#
# If you would like to submit a bug report, please visit:
#   http://bugreport.sun.com/bugreport/crash.jsp
# The crash happened outside the Java Virtual Machine in native code.
# See problematic frame for where to report the bug.
#

---------------  T H R E A D  ---------------

Current thread (0x0000000058aa2800):  JavaThread "AWT-Windows" daemon [_thread_in_native, id=3788, stack(0x00000000575f0000,0x00000000576f0000)]

siginfo: ExceptionCode=0xc0000005, reading address 0xffffffffffffffff

Registers:
RAX=0x3b19e82cffff0025, RBX=0x0000000000000000, RCX=0x0000000056791f80, RDX=0x000000006c837b78
RSP=0x00000000576eeda0, RBP=0x00000000576eee59, RSI=0x0000000000000111, RDI=0x0000000058c05f38
R8 =0x0000000000000000, R9 =0x0000000000000000, R10=0x000000006c856888, R11=0x0000000000000001
R12=0x0000000058c05eb0, R13=0x000000000000010d, R14=0x0000000000000704, R15=0x0000000000000000
RIP=0x000000006c7e1358, EFLAGS=0x0000000000010202

Top of Stack: (sp=0x00000000576eeda0)
0x00000000576eeda0:   0000000000000000 0000000000000000
0x00000000576eedb0:   000000000000001a 0000000058c05eb0
0x00000000576eedc0:   0000000058aa29e0 000000006c7e3746
0x00000000576eedd0:   0000000058aa29e0 0000000000000111
0x00000000576eede0:   000000000000001a 00000000c3676878
0x00000000576eedf0:   00000000c3676840 0000000000000001
0x00000000576eee00:   0000000000000021 0000000000000003
0x00000000576eee10:   0000000000000000 00000000c3676878
0x00000000576eee20:   0000000000000000 0000000000000001
0x00000000576eee30:   0000000000000021 0000000058aa29e0
0x00000000576eee40:   fffffffffffffffe 0000000058c05f38
0x00000000576eee50:   00000000576eef60 0000000003730a44
0x00000000576eee60:   000047bfae878224 0000000000000000
0x00000000576eee70:   00000000576eef60 000000000001039a
0x00000000576eee80:   0000000000000000 0000000000000111
0x00000000576eee90:   0000000000000704 0000000000000704 

Instructions: (pc=0x000000006c7e1358)
0x000000006c7e1338:   75 23 48 8d 0d 3f ae 0b 00 e8 1a 6f 03 00 48 8b
0x000000006c7e1348:   c8 48 85 c0 75 07 b8 02 00 00 00 eb 29 48 8b 00
0x000000006c7e1358:   ff 50 10 eb f1 49 8b c8 e8 37 e7 ff ff 48 85 c0
0x000000006c7e1368:   74 0f 4c 8b 00 8b d3 48 8b c8 41 ff 90 98 02 00 


Register to memory mapping:

RAX=0x3b19e82cffff0025 is an unknown value
RBX=0x0000000000000000 is an unknown value
RCX=0x0000000056791f80 is an unknown value
RDX=0x000000006c837b78 is an unknown value
RSP=0x00000000576eeda0 is pointing into the stack for thread: 0x0000000058aa2800
RBP=0x00000000576eee59 is pointing into the stack for thread: 0x0000000058aa2800
RSI=0x0000000000000111 is an unknown value
RDI=0x0000000058c05f38 is an unknown value
R8 =0x0000000000000000 is an unknown value
R9 =0x0000000000000000 is an unknown value
R10=0x000000006c856888 is an unknown value
R11=0x0000000000000001 is an unknown value
R12=0x0000000058c05eb0 is an unknown value
R13=0x000000000000010d is an unknown value
R14=0x0000000000000704 is an unknown value
R15=0x0000000000000000 is an unknown value


Stack: [0x00000000575f0000,0x00000000576f0000],  sp=0x00000000576eeda0,  free space=1019k
Native frames: (J=compiled Java code, j=interpreted, Vv=VM code, C=native code)
C  [awt.dll+0x91358]
C  [awt.dll+0x93746]
C  [awt.dll+0xd1311]
C  [awt.dll+0xa736b]
C  [awt.dll+0x8fb8a]
C  [USER32.dll+0x1c3c1]
C  [USER32.dll+0x16484]
C  [USER32.dll+0x16400]
C  [awt.dll+0x15078]
C  [COMCTL32.dll+0x26944]
C  [COMCTL32.dll+0x2681b]
C  [USER32.dll+0x1c3c1]
C  [USER32.dll+0x1c60a]
C  [awt.dll+0xca1cc]
C  [awt.dll+0xca47b]
C  0x00000000026b2ece

Java frames: (J=compiled Java code, j=interpreted, Vv=VM code)
j  sun.awt.windows.WToolkit.eventLoop()V+0
j  sun.awt.windows.WToolkit.run()V+58
j  java.lang.Thread.run()V+11
v  ~StubRoutines::call_stub

---------------  P R O C E S S  ---------------

Java Threads: ( => current thread )
  0x00000000569e0800 JavaThread "D3D Screen Updater" daemon [_thread_blocked, id=3988, stack(0x00000000613a0000,0x00000000614a0000)]
  0x000000005f174000 JavaThread "pool-2-thread-1" [_thread_blocked, id=1732, stack(0x0000000060a00000,0x0000000060b00000)]
  0x0000000058ce4000 JavaThread "Swing-Shell" daemon [_thread_blocked, id=2260, stack(0x000000005c8e0000,0x000000005c9e0000)]
  0x0000000058b73800 JavaThread "TimerQueue" daemon [_thread_blocked, id=3480, stack(0x000000005b390000,0x000000005b490000)]
  0x000000000204f000 JavaThread "DestroyJavaVM" [_thread_blocked, id=3200, stack(0x00000000022d0000,0x00000000023d0000)]
  0x0000000058aa5000 JavaThread "AWT-EventQueue-0" [_thread_blocked, id=2996, stack(0x0000000059320000,0x0000000059420000)]
=>0x0000000058aa2800 JavaThread "AWT-Windows" daemon [_thread_in_native, id=3788, stack(0x00000000575f0000,0x00000000576f0000)]
  0x0000000058aa1000 JavaThread "AWT-Shutdown" [_thread_blocked, id=3764, stack(0x0000000059140000,0x0000000059240000)]
  0x0000000058aa0000 JavaThread "Java2D Disposer" daemon [_thread_blocked, id=1528, stack(0x0000000057990000,0x0000000057a90000)]
  0x000000005674d000 JavaThread "Service Thread" daemon [_thread_blocked, id=1068, stack(0x0000000058610000,0x0000000058710000)]
  0x00000000566d0800 JavaThread "C1 CompilerThread3" daemon [_thread_blocked, id=2632, stack(0x0000000058500000,0x0000000058600000)]
  0x00000000566c5800 JavaThread "C2 CompilerThread2" daemon [_thread_blocked, id=1864, stack(0x0000000058390000,0x0000000058490000)]
  0x00000000566bc800 JavaThread "C2 CompilerThread1" daemon [_thread_blocked, id=2288, stack(0x00000000581e0000,0x00000000582e0000)]
  0x00000000566b1000 JavaThread "C2 CompilerThread0" daemon [_thread_blocked, id=2584, stack(0x0000000058070000,0x0000000058170000)]
  0x00000000566ac000 JavaThread "Attach Listener" daemon [_thread_blocked, id=2628, stack(0x0000000057ec0000,0x0000000057fc0000)]
  0x00000000566ab800 JavaThread "Signal Dispatcher" daemon [_thread_blocked, id=4044, stack(0x0000000057cd0000,0x0000000057dd0000)]
  0x00000000555fd000 JavaThread "Finalizer" daemon [_thread_blocked, id=3712, stack(0x0000000057ab0000,0x0000000057bb0000)]
  0x00000000555f4800 JavaThread "Reference Handler" daemon [_thread_blocked, id=3664, stack(0x0000000057880000,0x0000000057980000)]

Other Threads:
  0x0000000056663000 VMThread [stack: 0x0000000057710000,0x0000000057810000] [id=3432]
  0x0000000056758000 WatcherThread [stack: 0x00000000587a0000,0x00000000588a0000] [id=2760]

VM state:not at safepoint (normal execution)

VM Mutex/Monitor currently owned by a thread: None

Heap:
 PSYoungGen      total 54272K, used 40332K [0x00000000ebb80000, 0x00000000f0080000, 0x0000000100000000)
  eden space 46080K, 82% used [0x00000000ebb80000,0x00000000ee092c70,0x00000000ee880000)
  from space 8192K, 28% used [0x00000000ee880000,0x00000000eead0408,0x00000000ef080000)
  to   space 9728K, 0% used [0x00000000ef700000,0x00000000ef700000,0x00000000f0080000)
 ParOldGen       total 32768K, used 24528K [0x00000000c3200000, 0x00000000c5200000, 0x00000000ebb80000)
  object space 32768K, 74% used [0x00000000c3200000,0x00000000c49f4330,0x00000000c5200000)
 Metaspace       used 36319K, capacity 36694K, committed 36992K, reserved 1081344K
  class space    used 4789K, capacity 4887K, committed 4992K, reserved 1048576K

Card table byte_map: [0x0000000011a60000,0x0000000011c50000] byte_map_base: 0x0000000011447000

Marking Bits: (ParMarkBitMap*) 0x000000006d0a13b0
 Begin Bits: [0x0000000012bb0000, 0x0000000013ae8000)
 End Bits:   [0x0000000013ae8000, 0x0000000014a20000)

Polling page: 0x0000000000230000

CodeCache: size=245760Kb used=17476Kb max_used=17476Kb free=228283Kb
 bounds [0x00000000026a0000, 0x00000000037d0000, 0x00000000116a0000]
 total_blobs=6475 nmethods=5803 adapters=583
 compilation: enabled

Compilation events (10 events):
Event: 10103.924 Thread 0x00000000566d0800 6372       3       java.util.concurrent.ScheduledThreadPoolExecutor::triggerTime (23 bytes)
Event: 10103.925 Thread 0x00000000566d0800 nmethod 6372 0x00000000037bc790 code [0x00000000037bc900, 0x00000000037bcc08]
Event: 10103.925 Thread 0x00000000566d0800 6373       3       java.util.concurrent.ScheduledThreadPoolExecutor$DelayedWorkQueue::add (9 bytes)
Event: 10103.926 Thread 0x00000000566d0800 nmethod 6373 0x00000000037c4350 code [0x00000000037c44c0, 0x00000000037c47c8]
Event: 10133.924 Thread 0x00000000566d0800 6374       3       java.util.concurrent.ScheduledThreadPoolExecutor$DelayedWorkQueue::finishPoll (44 bytes)
Event: 10133.924 Thread 0x00000000566d0800 nmethod 6374 0x00000000037c3a10 code [0x00000000037c3ba0, 0x00000000037c4148]
Event: 10133.924 Thread 0x00000000566d0800 6375       3       java.util.concurrent.ScheduledThreadPoolExecutor$ScheduledFutureTask::run (59 bytes)
Event: 10133.925 Thread 0x00000000566d0800 nmethod 6375 0x00000000037c2cd0 code [0x00000000037c2ec0, 0x00000000037c3708]
Event: 12715.601 Thread 0x00000000566d0800 6376   !   3       java.awt.Toolkit::setDesktopProperty (81 bytes)
Event: 12715.662 Thread 0x00000000566d0800 nmethod 6376 0x00000000037c48d0 code [0x00000000037c4b00, 0x00000000037c5928]

GC Heap History (10 events):
Event: 3.660 GC heap before
{Heap before GC invocations=19 (full 2):
 PSYoungGen      total 44544K, used 39936K [0x00000000ebb80000, 0x00000000eee00000, 0x0000000100000000)
  eden space 39936K, 100% used [0x00000000ebb80000,0x00000000ee280000,0x00000000ee280000)
  from space 4608K, 0% used [0x00000000ee780000,0x00000000ee780000,0x00000000eec00000)
  to   space 5120K, 0% used [0x00000000ee280000,0x00000000ee280000,0x00000000ee780000)
 ParOldGen       total 17920K, used 13047K [0x00000000c3200000, 0x00000000c4380000, 0x00000000ebb80000)
  object space 17920K, 72% used [0x00000000c3200000,0x00000000c3ebdf88,0x00000000c4380000)
 Metaspace       used 32978K, capacity 33218K, committed 33664K, reserved 1079296K
  class space    used 4404K, capacity 4441K, committed 4480K, reserved 1048576K
Event: 3.667 GC heap after
Heap after GC invocations=19 (full 2):
 PSYoungGen      total 45056K, used 5112K [0x00000000ebb80000, 0x00000000ef680000, 0x0000000100000000)
  eden space 39936K, 0% used [0x00000000ebb80000,0x00000000ebb80000,0x00000000ee280000)
  from space 5120K, 99% used [0x00000000ee280000,0x00000000ee77e398,0x00000000ee780000)
  to   space 6144K, 0% used [0x00000000ef080000,0x00000000ef080000,0x00000000ef680000)
 ParOldGen       total 17920K, used 13260K [0x00000000c3200000, 0x00000000c4380000, 0x00000000ebb80000)
  object space 17920K, 73% used [0x00000000c3200000,0x00000000c3ef3110,0x00000000c4380000)
 Metaspace       used 32978K, capacity 33218K, committed 33664K, reserved 1079296K
  class space    used 4404K, capacity 4441K, committed 4480K, reserved 1048576K
}
Event: 4.412 GC heap before
{Heap before GC invocations=20 (full 2):
 PSYoungGen      total 45056K, used 45048K [0x00000000ebb80000, 0x00000000ef680000, 0x0000000100000000)
  eden space 39936K, 100% used [0x00000000ebb80000,0x00000000ee280000,0x00000000ee280000)
  from space 5120K, 99% used [0x00000000ee280000,0x00000000ee77e398,0x00000000ee780000)
  to   space 6144K, 0% used [0x00000000ef080000,0x00000000ef080000,0x00000000ef680000)
 ParOldGen       total 17920K, used 13260K [0x00000000c3200000, 0x00000000c4380000, 0x00000000ebb80000)
  object space 17920K, 73% used [0x00000000c3200000,0x00000000c3ef3110,0x00000000c4380000)
 Metaspace       used 34122K, capacity 34436K, committed 34688K, reserved 1079296K
  class space    used 4567K, capacity 4644K, committed 4736K, reserved 1048576K
Event: 4.422 GC heap after
Heap after GC invocations=20 (full 2):
 PSYoungGen      total 52224K, used 6128K [0x00000000ebb80000, 0x00000000ef980000, 0x0000000100000000)
  eden space 46080K, 0% used [0x00000000ebb80000,0x00000000ebb80000,0x00000000ee880000)
  from space 6144K, 99% used [0x00000000ef080000,0x00000000ef67c020,0x00000000ef680000)
  to   space 8192K, 0% used [0x00000000ee880000,0x00000000ee880000,0x00000000ef080000)
 ParOldGen       total 17920K, used 16310K [0x00000000c3200000, 0x00000000c4380000, 0x00000000ebb80000)
  object space 17920K, 91% used [0x00000000c3200000,0x00000000c41eda20,0x00000000c4380000)
 Metaspace       used 34122K, capacity 34436K, committed 34688K, reserved 1079296K
  class space    used 4567K, capacity 4644K, committed 4736K, reserved 1048576K
}
Event: 4.422 GC heap before
{Heap before GC invocations=21 (full 3):
 PSYoungGen      total 52224K, used 6128K [0x00000000ebb80000, 0x00000000ef980000, 0x0000000100000000)
  eden space 46080K, 0% used [0x00000000ebb80000,0x00000000ebb80000,0x00000000ee880000)
  from space 6144K, 99% used [0x00000000ef080000,0x00000000ef67c020,0x00000000ef680000)
  to   space 8192K, 0% used [0x00000000ee880000,0x00000000ee880000,0x00000000ef080000)
 ParOldGen       total 17920K, used 16310K [0x00000000c3200000, 0x00000000c4380000, 0x00000000ebb80000)
  object space 17920K, 91% used [0x00000000c3200000,0x00000000c41eda20,0x00000000c4380000)
 Metaspace       used 34122K, capacity 34436K, committed 34688K, reserved 1079296K
  class space    used 4567K, capacity 4644K, committed 4736K, reserved 1048576K
Event: 4.563 GC heap after
Heap after GC invocations=21 (full 3):
 PSYoungGen      total 52224K, used 3047K [0x00000000ebb80000, 0x00000000ef980000, 0x0000000100000000)
  eden space 46080K, 0% used [0x00000000ebb80000,0x00000000ebb80000,0x00000000ee880000)
  from space 6144K, 49% used [0x00000000ef080000,0x00000000ef379e48,0x00000000ef680000)
  to   space 8192K, 0% used [0x00000000ee880000,0x00000000ee880000,0x00000000ef080000)
 ParOldGen       total 24576K, used 17859K [0x00000000c3200000, 0x00000000c4a00000, 0x00000000ebb80000)
  object space 24576K, 72% used [0x00000000c3200000,0x00000000c4370c20,0x00000000c4a00000)
 Metaspace       used 34122K, capacity 34436K, committed 34688K, reserved 1079296K
  class space    used 4567K, capacity 4644K, committed 4736K, reserved 1048576K
}
Event: 32.601 GC heap before
{Heap before GC invocations=22 (full 3):
 PSYoungGen      total 52224K, used 49127K [0x00000000ebb80000, 0x00000000ef980000, 0x0000000100000000)
  eden space 46080K, 100% used [0x00000000ebb80000,0x00000000ee880000,0x00000000ee880000)
  from space 6144K, 49% used [0x00000000ef080000,0x00000000ef379e48,0x00000000ef680000)
  to   space 8192K, 0% used [0x00000000ee880000,0x00000000ee880000,0x00000000ef080000)
 ParOldGen       total 24576K, used 17859K [0x00000000c3200000, 0x00000000c4a00000, 0x00000000ebb80000)
  object space 24576K, 72% used [0x00000000c3200000,0x00000000c4370c20,0x00000000c4a00000)
 Metaspace       used 35865K, capacity 36214K, committed 36352K, reserved 1081344K
  class space    used 4776K, capacity 4855K, committed 4864K, reserved 1048576K
Event: 32.628 GC heap after
Heap after GC invocations=22 (full 3):
 PSYoungGen      total 54272K, used 8037K [0x00000000ebb80000, 0x00000000f0080000, 0x0000000100000000)
  eden space 46080K, 0% used [0x00000000ebb80000,0x00000000ebb80000,0x00000000ee880000)
  from space 8192K, 98% used [0x00000000ee880000,0x00000000ef059468,0x00000000ef080000)
  to   space 9728K, 0% used [0x00000000ef700000,0x00000000ef700000,0x00000000f0080000)
 ParOldGen       total 24576K, used 20635K [0x00000000c3200000, 0x00000000c4a00000, 0x00000000ebb80000)
  object space 24576K, 83% used [0x00000000c3200000,0x00000000c4626c50,0x00000000c4a00000)
 Metaspace       used 35865K, capacity 36214K, committed 36352K, reserved 1081344K
  class space    used 4776K, capacity 4855K, committed 4864K, reserved 1048576K
}
Event: 32.628 GC heap before
{Heap before GC invocations=23 (full 4):
 PSYoungGen      total 54272K, used 8037K [0x00000000ebb80000, 0x00000000f0080000, 0x0000000100000000)
  eden space 46080K, 0% used [0x00000000ebb80000,0x00000000ebb80000,0x00000000ee880000)
  from space 8192K, 98% used [0x00000000ee880000,0x00000000ef059468,0x00000000ef080000)
  to   space 9728K, 0% used [0x00000000ef700000,0x00000000ef700000,0x00000000f0080000)
 ParOldGen       total 24576K, used 20635K [0x00000000c3200000, 0x00000000c4a00000, 0x00000000ebb80000)
  object space 24576K, 83% used [0x00000000c3200000,0x00000000c4626c50,0x00000000c4a00000)
 Metaspace       used 35865K, capacity 36214K, committed 36352K, reserved 1081344K
  class space    used 4776K, capacity 4855K, committed 4864K, reserved 1048576K
Event: 32.838 GC heap after
Heap after GC invocations=23 (full 4):
 PSYoungGen      total 54272K, used 2369K [0x00000000ebb80000, 0x00000000f0080000, 0x0000000100000000)
  eden space 46080K, 0% used [0x00000000ebb80000,0x00000000ebb80000,0x00000000ee880000)
  from space 8192K, 28% used [0x00000000ee880000,0x00000000eead0408,0x00000000ef080000)
  to   space 9728K, 0% used [0x00000000ef700000,0x00000000ef700000,0x00000000f0080000)
 ParOldGen       total 32768K, used 24528K [0x00000000c3200000, 0x00000000c5200000, 0x00000000ebb80000)
  object space 32768K, 74% used [0x00000000c3200000,0x00000000c49f4330,0x00000000c5200000)
 Metaspace       used 35865K, capacity 36214K, committed 36352K, reserved 1081344K
  class space    used 4776K, capacity 4855K, committed 4864K, reserved 1048576K
}

Deoptimization events (10 events):
Event: 70.560 Thread 0x0000000058aa5000 Uncommon trap: reason=unreached action=reinterpret pc=0x000000000329126c method=java.awt.Component.setForeground(Ljava/awt/Color;)V @ 16
Event: 77.242 Thread 0x0000000058aa5000 Uncommon trap: reason=unreached action=reinterpret pc=0x0000000002af4c18 method=java.security.AccessControlContext.optimize()Ljava/security/AccessControlContext; @ 233
Event: 77.243 Thread 0x0000000058aa5000 Uncommon trap: reason=unreached action=reinterpret pc=0x0000000002d1f8c4 method=java.security.AccessControlContext.optimize()Ljava/security/AccessControlContext; @ 233
Event: 123.939 Thread 0x0000000058aa5000 Uncommon trap: reason=class_check action=maybe_recompile pc=0x00000000032b8a00 method=com.sun.java.swing.plaf.windows.WindowsLookAndFeel$XPValue.createValue(Ljavax/swing/UIDefaults;)Ljava/lang/Object; @ 20
Event: 123.940 Thread 0x0000000058aa5000 Uncommon trap: reason=class_check action=maybe_recompile pc=0x00000000032b8a00 method=com.sun.java.swing.plaf.windows.WindowsLookAndFeel$XPValue.createValue(Ljavax/swing/UIDefaults;)Ljava/lang/Object; @ 20
Event: 123.979 Thread 0x0000000058aa5000 Uncommon trap: reason=unreached action=reinterpret pc=0x0000000003735158 method=java.util.LinkedList.unlink(Ljava/util/LinkedList$Node;)Ljava/lang/Object; @ 41
Event: 4767.814 Thread 0x0000000058aa5000 Uncommon trap: reason=unreached action=reinterpret pc=0x00000000028d289c method=javax.swing.RepaintManager.addDirtyRegion0(Ljava/awt/Container;IIII)V @ 69
Event: 4767.814 Thread 0x0000000058aa5000 Uncommon trap: reason=unreached action=reinterpret pc=0x0000000002cc3450 method=javax.swing.RepaintManager.addDirtyRegion0(Ljava/awt/Container;IIII)V @ 69
Event: 4767.818 Thread 0x0000000058aa5000 Uncommon trap: reason=unreached action=reinterpret pc=0x0000000002ab7f80 method=javax.swing.RepaintManager.addDirtyRegion0(Ljava/awt/Container;IIII)V @ 69
Event: 4767.818 Thread 0x0000000058aa5000 Uncommon trap: reason=unreached action=reinterpret pc=0x00000000036ddff4 method=java.awt.Component.getInputContext()Ljava/awt/im/InputContext; @ 6

Internal exceptions (10 events):
Event: 11.397 Thread 0x0000000058aa5000 Exception <a 'java/security/PrivilegedActionException'> (0x00000000eda734c0) thrown at [D:\re\workspace\8-2-build-windows-amd64-cygwin\jdk8u5\2488\hotspot\src\share\vm\prims\jvm.cpp, line 1248]
Event: 11.397 Thread 0x0000000058aa5000 Exception <a 'java/security/PrivilegedActionException'> (0x00000000eda79538) thrown at [D:\re\workspace\8-2-build-windows-amd64-cygwin\jdk8u5\2488\hotspot\src\share\vm\prims\jvm.cpp, line 1248]
Event: 11.398 Thread 0x0000000058aa5000 Exception <a 'java/security/PrivilegedActionException'> (0x00000000eda7efd8) thrown at [D:\re\workspace\8-2-build-windows-amd64-cygwin\jdk8u5\2488\hotspot\src\share\vm\prims\jvm.cpp, line 1248]
Event: 11.398 Thread 0x0000000058aa5000 Exception <a 'java/security/PrivilegedActionException'> (0x00000000eda8e758) thrown at [D:\re\workspace\8-2-build-windows-amd64-cygwin\jdk8u5\2488\hotspot\src\share\vm\prims\jvm.cpp, line 1248]
Event: 11.399 Thread 0x0000000058aa5000 Exception <a 'java/security/PrivilegedActionException'> (0x00000000eda94950) thrown at [D:\re\workspace\8-2-build-windows-amd64-cygwin\jdk8u5\2488\hotspot\src\share\vm\prims\jvm.cpp, line 1248]
Event: 11.399 Thread 0x0000000058aa5000 Exception <a 'java/security/PrivilegedActionException'> (0x00000000eda9b400) thrown at [D:\re\workspace\8-2-build-windows-amd64-cygwin\jdk8u5\2488\hotspot\src\share\vm\prims\jvm.cpp, line 1248]
Event: 11.399 Thread 0x0000000058aa5000 Exception <a 'java/security/PrivilegedActionException'> (0x00000000edaa2470) thrown at [D:\re\workspace\8-2-build-windows-amd64-cygwin\jdk8u5\2488\hotspot\src\share\vm\prims\jvm.cpp, line 1248]
Event: 11.400 Thread 0x0000000058aa5000 Exception <a 'java/security/PrivilegedActionException'> (0x00000000edaa82b0) thrown at [D:\re\workspace\8-2-build-windows-amd64-cygwin\jdk8u5\2488\hotspot\src\share\vm\prims\jvm.cpp, line 1248]
Event: 11.400 Thread 0x0000000058aa5000 Exception <a 'java/security/PrivilegedActionException'> (0x00000000edaade98) thrown at [D:\re\workspace\8-2-build-windows-amd64-cygwin\jdk8u5\2488\hotspot\src\share\vm\prims\jvm.cpp, line 1248]
Event: 123.979 Thread 0x0000000058aa5000 Implicit null exception at 0x0000000003734986 to 0x0000000003735111

Events (10 events):
Event: 4767.818 Thread 0x0000000058aa5000 Uncommon trap: trap_request=0xffffffad fr.pc=0x0000000002ab7f80
Event: 4767.818 Thread 0x0000000058aa5000 DEOPT PACKING pc=0x0000000002ab7f80 sp=0x000000005941c500
Event: 4767.818 Thread 0x0000000058aa5000 DEOPT UNPACKING pc=0x00000000026e73ef sp=0x000000005941c4d0 mode 2
Event: 4767.818 Thread 0x0000000058aa5000 Uncommon trap: trap_request=0xffffffad fr.pc=0x00000000036ddff4
Event: 4767.818 Thread 0x0000000058aa5000 DEOPT PACKING pc=0x00000000036ddff4 sp=0x000000005941d720
Event: 4767.818 Thread 0x0000000058aa5000 DEOPT UNPACKING pc=0x00000000026e73ef sp=0x000000005941d6b8 mode 2
Event: 4767.819 loading class javax/swing/JFormattedTextField$FocusLostHandler
Event: 4767.819 loading class javax/swing/JFormattedTextField$FocusLostHandler done
Event: 8226.249 Thread 0x00000000569e0800 DEOPT PACKING pc=0x00000000037b59be sp=0x000000006149efc0
Event: 8226.249 Thread 0x00000000569e0800 DEOPT UNPACKING pc=0x00000000026e7204 sp=0x000000006149edc8 mode 0


Dynamic libraries:
0x000000013f520000 - 0x000000013f554000 	C:\Program Files\Java\jdk1.8.0_05\bin\java.exe
0x0000000077380000 - 0x000000007752b000 	C:\Windows\SYSTEM32\ntdll.dll
0x0000000077260000 - 0x000000007737f000 	C:\Windows\system32\kernel32.dll
0x000007fefd390000 - 0x000007fefd3fb000 	C:\Windows\system32\KERNELBASE.dll
0x000007fefd720000 - 0x000007fefd7fb000 	C:\Windows\system32\ADVAPI32.dll
0x000007feff0d0000 - 0x000007feff16f000 	C:\Windows\system32\msvcrt.dll
0x000007feff170000 - 0x000007feff18f000 	C:\Windows\SYSTEM32\sechost.dll
0x000007fefeb40000 - 0x000007fefec6e000 	C:\Windows\system32\RPCRT4.dll
0x0000000077160000 - 0x000000007725a000 	C:\Windows\system32\USER32.dll
0x000007fefd6b0000 - 0x000007fefd717000 	C:\Windows\system32\GDI32.dll
0x000007fefd930000 - 0x000007fefd93e000 	C:\Windows\system32\LPK.dll
0x000007feff570000 - 0x000007feff63a000 	C:\Windows\system32\USP10.dll
0x000007fefbda0000 - 0x000007fefbf94000 	C:\Windows\WinSxS\amd64_microsoft.windows.common-controls_6595b64144ccf1df_6.0.7600.16385_none_fa645303170382f6\COMCTL32.dll
0x000007feff050000 - 0x000007feff0c1000 	C:\Windows\system32\SHLWAPI.dll
0x000007fefd940000 - 0x000007fefd96e000 	C:\Windows\system32\IMM32.DLL
0x000007fefd820000 - 0x000007fefd929000 	C:\Windows\system32\MSCTF.dll
0x0000000071160000 - 0x0000000071232000 	C:\Program Files\Java\jdk1.8.0_05\jre\bin\msvcr100.dll
0x000000006c8f0000 - 0x000000006d11a000 	C:\Program Files\Java\jdk1.8.0_05\jre\bin\server\jvm.dll
0x000007fef0cc0000 - 0x000007fef0cc9000 	C:\Windows\system32\WSOCK32.dll
0x000007feff640000 - 0x000007feff68d000 	C:\Windows\system32\WS2_32.dll
0x000007feff040000 - 0x000007feff048000 	C:\Windows\system32\NSI.dll
0x000007fef9eb0000 - 0x000007fef9eeb000 	C:\Windows\system32\WINMM.dll
0x0000000077540000 - 0x0000000077547000 	C:\Windows\system32\PSAPI.DLL
0x0000000072f50000 - 0x0000000072f5f000 	C:\Program Files\Java\jdk1.8.0_05\jre\bin\verify.dll
0x0000000070550000 - 0x0000000070578000 	C:\Program Files\Java\jdk1.8.0_05\jre\bin\java.dll
0x0000000072f30000 - 0x0000000072f46000 	C:\Program Files\Java\jdk1.8.0_05\jre\bin\zip.dll
0x000007fefd970000 - 0x000007fefe6f6000 	C:\Windows\system32\SHELL32.dll
0x000007feff360000 - 0x000007feff561000 	C:\Windows\system32\ole32.dll
0x000007fefd2e0000 - 0x000007fefd2ef000 	C:\Windows\system32\profapi.dll
0x000000006c750000 - 0x000000006c8e6000 	C:\Program Files\Java\jdk1.8.0_05\jre\bin\awt.dll
0x000007fefeec0000 - 0x000007fefef97000 	C:\Windows\system32\OLEAUT32.dll
0x000007fefb640000 - 0x000007fefb696000 	C:\Windows\system32\uxtheme.dll
0x000007fefae20000 - 0x000007fefae38000 	C:\Windows\system32\dwmapi.dll
0x000007fefd210000 - 0x000007fefd21f000 	C:\Windows\system32\CRYPTBASE.dll
0x000007fef5a30000 - 0x000007fef5c2f000 	C:\Windows\system32\d3d9.dll
0x000007fefc430000 - 0x000007fefc43c000 	C:\Windows\system32\VERSION.dll
0x000007fef7c70000 - 0x000007fef7c77000 	C:\Windows\system32\d3d8thk.dll
0x000007feeccf0000 - 0x000007feedbff000 	C:\Windows\system32\nvd3dumx.dll
0x0000000180000000 - 0x0000000180188000 	C:\Windows\system32\nvspcap64.dll
0x000007fefe960000 - 0x000007fefeb37000 	C:\Windows\system32\SETUPAPI.dll
0x000007fefd440000 - 0x000007fefd476000 	C:\Windows\system32\CFGMGR32.dll
0x000007fefd5f0000 - 0x000007fefd60a000 	C:\Windows\system32\DEVOBJ.dll
0x000007fefbcc0000 - 0x000007fefbcec000 	C:\Windows\system32\powrprof.dll
0x000007feede30000 - 0x000007feedf8d000 	C:\Program Files (x86)\NVIDIA Corporation\3D Vision\nvSCPAPI64.dll
0x00000000704c0000 - 0x0000000070507000 	C:\Program Files\Java\jdk1.8.0_05\jre\bin\fontmanager.dll
0x0000000070530000 - 0x000000007054a000 	C:\Program Files\Java\jdk1.8.0_05\jre\bin\net.dll
0x000007fefcb10000 - 0x000007fefcb64000 	C:\Windows\system32\mswsock.dll
0x000007fefcb00000 - 0x000007fefcb07000 	C:\Windows\System32\wship6.dll
0x0000000070510000 - 0x0000000070521000 	C:\Program Files\Java\jdk1.8.0_05\jre\bin\nio.dll
0x000000006f0d0000 - 0x000000006f111000 	C:\Program Files\Java\jdk1.8.0_05\jre\bin\t2k.dll
0x000007fefcb70000 - 0x000007fefcb87000 	C:\Windows\system32\CRYPTSP.dll
0x000007fefc870000 - 0x000007fefc8b7000 	C:\Windows\system32\rsaenh.dll
0x000007fefc630000 - 0x000007fefc64e000 	C:\Windows\system32\USERENV.dll
0x000007fefb310000 - 0x000007fefb337000 	C:\Windows\system32\IPHLPAPI.DLL
0x000007fefb300000 - 0x000007fefb30b000 	C:\Windows\system32\WINNSI.DLL
0x000007fefb000000 - 0x000007fefb011000 	C:\Windows\system32\dhcpcsvc6.DLL
0x000007fefb1b0000 - 0x000007fefb1c8000 	C:\Windows\system32\dhcpcsvc.DLL
0x000007fefeda0000 - 0x000007fefee39000 	C:\Windows\system32\CLBCatQ.DLL
0x000007fefacb0000 - 0x000007fefadda000 	C:\Windows\system32\WindowsCodecs.dll
0x000007fefd1b0000 - 0x000007fefd207000 	C:\Windows\system32\apphelp.dll
0x000007fef8ab0000 - 0x000007fef8ae5000 	C:\Windows\system32\EhStorShell.dll
0x000007fefbb40000 - 0x000007fefbc6c000 	C:\Windows\system32\PROPSYS.dll
0x000007fef8430000 - 0x000007fef8aa1000 	C:\PROGRA~1\MICROS~1\Office14\GROOVEEX.DLL
0x0000000070230000 - 0x00000000702cd000 	C:\Windows\WinSxS\amd64_microsoft.vc90.crt_1fc8b3b9a1e18e3b_9.0.30729.4926_none_08e1a05ba83fe554\MSVCR90.dll
0x000000006f2a0000 - 0x000000006f373000 	C:\Windows\WinSxS\amd64_microsoft.vc90.crt_1fc8b3b9a1e18e3b_9.0.30729.4926_none_08e1a05ba83fe554\MSVCP90.dll
0x000000006f270000 - 0x000000006f29f000 	C:\Windows\WinSxS\amd64_microsoft.vc90.atl_1fc8b3b9a1e18e3b_9.0.30729.4148_none_0a1d2fcba76b3f00\ATL90.DLL
0x000007fef8020000 - 0x000007fef842f000 	C:\PROGRA~1\COMMON~1\MICROS~1\OFFICE14\Cultures\office.odf
0x000007fef5eb0000 - 0x000007fef672d000 	C:\PROGRA~1\MICROS~1\Office14\3082\GrooveIntlResource.dll
0x000007fef7fa0000 - 0x000007fef801e000 	C:\Windows\System32\cscui.dll
0x000007fef9720000 - 0x000007fef972c000 	C:\Windows\System32\CSCDLL.dll
0x000007fef9460000 - 0x000007fef946f000 	C:\Windows\system32\CSCAPI.dll
0x000007fef7f20000 - 0x000007fef7fa0000 	C:\Windows\system32\ntshrui.dll
0x000007fefce10000 - 0x000007fefce33000 	C:\Windows\system32\srvcli.dll
0x000007fefb880000 - 0x000007fefb88b000 	C:\Windows\system32\slc.dll
0x000007fefb940000 - 0x000007fefb955000 	C:\Windows\system32\NLAapi.dll
0x000007fefc990000 - 0x000007fefc9eb000 	C:\Windows\system32\DNSAPI.dll
0x000007fef9450000 - 0x000007fef945b000 	C:\Windows\System32\winrnr.dll
0x000007fef93c0000 - 0x000007fef93d5000 	C:\Windows\system32\napinsp.dll
0x000007fef93a0000 - 0x000007fef93b9000 	C:\Windows\system32\pnrpnsp.dll
0x000007fefc500000 - 0x000007fefc507000 	C:\Windows\System32\wshtcpip.dll
0x000007fef9700000 - 0x000007fef9708000 	C:\Windows\system32\rasadhlp.dll
0x000007fefb030000 - 0x000007fefb083000 	C:\Windows\System32\fwpuclnt.dll
0x000007fefd610000 - 0x000007fefd6b0000 	C:\Windows\WinSxS\amd64_microsoft.windows.common-controls_6595b64144ccf1df_5.82.7600.16385_none_a44af8ec57f961cf\comctl32.dll
0x000007fefbae0000 - 0x000007fefbb0d000 	C:\Windows\system32\ntmarta.dll
0x000007feff190000 - 0x000007feff1e0000 	C:\Windows\system32\WLDAP32.dll
0x000007fef10f0000 - 0x000007fef128c000 	C:\Windows\system32\NetworkExplorer.dll
0x000007fef7c20000 - 0x000007fef7c53000 	C:\Windows\System32\shdocvw.dll
0x000007fef94e0000 - 0x000007fef94f8000 	C:\Windows\system32\MPR.dll
0x000007fef94d0000 - 0x000007fef94da000 	C:\Windows\System32\drprov.dll
0x000007fefd130000 - 0x000007fefd16d000 	C:\Windows\System32\WINSTA.dll
0x000007fef94a0000 - 0x000007fef94c2000 	C:\Windows\System32\ntlanman.dll
0x000007fef9480000 - 0x000007fef949b000 	C:\Windows\System32\davclnt.dll
0x000007fef9470000 - 0x000007fef947a000 	C:\Windows\System32\DAVHLPR.dll
0x000007fefab40000 - 0x000007fefab55000 	C:\Windows\system32\wkscli.dll
0x000007fefab60000 - 0x000007fefab6c000 	C:\Windows\system32\netutils.dll
0x000007feec470000 - 0x000007feec6e1000 	C:\Windows\system32\wpdshext.dll
0x000007fefb420000 - 0x000007fefb635000 	C:\Windows\WinSxS\amd64_microsoft.windows.gdiplus_6595b64144ccf1df_1.1.7600.16385_none_2b4f45e87195fcc4\gdiplus.dll
0x000007fef45a0000 - 0x000007fef465d000 	C:\Windows\system32\PortableDeviceApi.dll
0x000007fefd400000 - 0x000007fefd439000 	C:\Windows\system32\WINTRUST.dll
0x000007fefd480000 - 0x000007fefd5e6000 	C:\Windows\system32\CRYPT32.dll
0x000007fefd380000 - 0x000007fefd38f000 	C:\Windows\system32\MSASN1.dll
0x000007fefabe0000 - 0x000007fefac07000 	C:\Windows\system32\EhStorAPI.dll
0x000007fef7c10000 - 0x000007fef7c1c000 	C:\Windows\system32\LINKINFO.dll
0x000007fefcf80000 - 0x000007fefcf8b000 	C:\Windows\system32\Secur32.dll
0x000007fefd180000 - 0x000007fefd1a5000 	C:\Windows\system32\SSPICLI.DLL
0x000007fefab20000 - 0x000007fefab34000 	C:\Windows\system32\samcli.dll
0x000007fefb6a0000 - 0x000007fefb6bd000 	C:\Windows\system32\SAMLIB.dll
0x0000000071270000 - 0x000000007127d000 	C:\Program Files\Java\jdk1.8.0_05\jre\bin\management.dll
0x000007fef7790000 - 0x000007fef7ae1000 	C:\Windows\system32\nvapi64.dll
0x000007feef640000 - 0x000007feef765000 	C:\Windows\system32\dbghelp.dll

VM Arguments:
jvm_args: -Dfile.encoding=UTF-8 
java_command: lissa.gui.JF_Principal
java_class_path (initial): D:\PROYECTOS\Clinica\LISSA_1.0\lib\apache-commons\commons-beanutils-1.8.3.jar;D:\PROYECTOS\Clinica\LISSA_1.0\lib\apache-commons\commons-collections-3.2.1.jar;D:\PROYECTOS\Clinica\LISSA_1.0\lib\apache-commons\commons-digester-2.1.jar;D:\PROYECTOS\Clinica\LISSA_1.0\lib\apache-commons\commons-logging-1.1.3.jar;D:\PROYECTOS\Clinica\LISSA_1.0\lib\ireport\groovy-all-2.0.1.jar;D:\PROYECTOS\Clinica\LISSA_1.0\lib\ireport\iText-2.1.7.js2.jar;D:\PROYECTOS\Clinica\LISSA_1.0\lib\ireport\jasperreports-5.2.0.jar;D:\PROYECTOS\Clinica\LISSA_1.0\lib\ireport\jcommon-1.0.15.jar;D:\PROYECTOS\Clinica\LISSA_1.0\lib\ireport\jfreechart-1.0.12.jar;D:\PROYECTOS\Clinica\LISSA_1.0\lib\RxCrUtil_1.5.jar;D:\PROYECTOS\Clinica\LISSA_1.0\lib\postgresql-9.3-1102.jdbc41.jar;D:\PROYECTOS\Clinica\LISSA_1.0\lib\synthetica.jar;D:\PROYECTOS\Clinica\LISSA_1.0\lib\syntheticaBlueLight.jar;D:\PROYECTOS\Clinica\LISSA_1.0\lib\swingx-all-1.6.4.jar;D:\PROYECTOS\Clinica\LISSA_1.0\lib\poi\commons-codec-1.5.jar;D:\PROYECTOS\Clinica\LISSA_1.0\lib\poi\dom4j-1.6.1.jar;D:\PROYECTOS\Clinica\LISSA_1.0\lib\poi\poi-3.9-20121203.jar;D:\PROYECTOS\Clinica\LISSA_1.0\lib\poi\poi-excelant-3.9-20121203.jar;D:\PROYECTOS\Clinica\LISSA_1.0\lib\poi\poi-ooxml-3.9-20121203.jar;D:\PROYECTOS\Clinica\LISSA_1.0\lib\poi\poi-ooxml-schemas-3.9-20121203.jar;D:\PROYECTOS\Clinica\LISSA_1.0\lib\poi\poi-scratchpad-3.9-20121203.jar;D:\PROYECTOS\Clinica\LISSA_1.0\lib\poi\stax-api-1.0.1.jar;D:\PROYECTOS\Clinica\LISSA_1.0\lib\poi\xmlbeans-2.3.0.jar;D:\PROYECTOS\Clinica\LISSA_1.0\lib\javadbf-0.4.0.jar;D:\PROYECTOS\Clinica\LISSA_1.0\lib\hibernate-core-4.3.5.Final.jar;D:\PROYECTOS\Clinica\LISSA_1.0\lib\hibernate-commons-annotations-4.0.4.Final.jar;D:\PROYECTOS\Clinica\LISSA_1.0\lib\ojdbc6.jar;D:\PROYECTOS\Clinica\LISSA_1.0\lib\hibernate-entitymanager.jar;D:\PROYECTOS\Clinica\LISSA_1.0\lib\hibernate-jpa-2.1-api-1.0.0.Final.jar;D:\PROYECTOS\Clinica\LISSA_1.0\lib\postgresql-9.2-1002.jdbc4.jar;D:\PROYECTOS\Clinica\LISSA_1.0\lib\java
Launcher Type: SUN_STANDARD

Environment Variables:
PATH=C:\ProgramData\Oracle\Java\javapath;C:\Windows\system32;C:\Windows;C:\Windows\System32\Wbem;C:\Windows\System32\WindowsPowerShell\v1.0\;C:\Program Files (x86)\NVIDIA Corporation\PhysX\Common
USERNAME=JSULCAG
OS=Windows_NT
PROCESSOR_IDENTIFIER=Intel64 Family 6 Model 60 Stepping 3, GenuineIntel



---------------  S Y S T E M  ---------------

OS: Windows 7 , 64 bit Build 7600 

CPU:total 8 (4 cores per cpu, 2 threads per core) family 6 model 60 stepping 3, cmov, cx8, fxsr, mmx, sse, sse2, sse3, ssse3, sse4.1, sse4.2, popcnt, aes, clmul, erms, ht, tsc, tscinvbit

Memory: 4k page, physical 3989340k(1521348k free), swap 7976784k(4107268k free)

vm_info: Java HotSpot(TM) 64-Bit Server VM (25.5-b02) for windows-amd64 JRE (1.8.0_05-b13), built on Mar 18 2014 01:08:39 by "java_re" with MS VC++ 10.0 (VS2010)

time: Tue Jan 05 12:18:07 2016
elapsed time: 12732 seconds

